<?xml version="1.0" encoding="UTF-8"?>
<!-- Generated by org.testng.reporters.JUnitXMLReporter -->
<testsuite ignored="0" hostname="indianrenterss-MacBook-Pro-2.local" failures="0" tests="5" name="Surefire test" time="4.345" errors="0" timestamp="2025-02-06T22:46:50 IST">
  <testcase classname="Tests.SauceDemoTest" name="testLogin" time="0.214"/>
  <testcase classname="Tests.SauceDemoTest" name="checkhomepagecontent" time="1.127"/>
  <testcase classname="Tests.SauceDemoTest" name="testAddToCart" time="0.071"/>
  <testcase classname="Tests.SauceDemoTest" name="testCheckout" time="0.281"/>
  <testcase classname="Tests.SauceDemoTest" name="testaddingandremovingtheproducts" time="0.474"/>
</testsuite> <!-- Surefire test -->
