<?xml version="1.0" encoding="UTF-8"?>
<!-- Generated by org.testng.reporters.JUnitXMLReporter -->
<testsuite ignored="0" hostname="indianrenterss-MacBook-Pro-2.local" failures="0" tests="5" name="Surefire test" time="5.313" errors="0" timestamp="2025-02-17T17:50:44 IST">
  <testcase classname="Tests.SauceDemoTest" name="testLogin" time="0.218"/>
  <testcase classname="Tests.SauceDemoTest" name="checkhomepagecontent" time="1.167"/>
  <testcase classname="Tests.SauceDemoTest" name="testAddToCart" time="0.198"/>
  <testcase classname="Tests.SauceDemoTest" name="testCheckout" time="0.379"/>
  <testcase classname="Tests.SauceDemoTest" name="testaddingandremovingtheproducts" time="0.493"/>
</testsuite> <!-- Surefire test -->
