<?xml version="1.0" encoding="UTF-8"?>
<testng-results ignored="0" total="5" passed="5" failed="0" skipped="0">
  <reporter-output>
  </reporter-output>
  <suite started-at="2026-06-03T16:38:40 IST" name="Surefire suite" finished-at="2026-06-03T16:38:48 IST" duration-ms="8141">
    <groups>
    </groups>
    <test started-at="2026-06-03T16:38:40 IST" name="Surefire test" finished-at="2026-06-03T16:38:48 IST" duration-ms="8141">
      <class name="Tests.SauceDemoTest">
        <test-method is-config="true" signature="setup()[pri:0, instance:Tests.SauceDemoTest@12d2ce03]" started-at="2026-06-03T16:38:40 IST" name="setup" finished-at="2026-06-03T16:38:45 IST" duration-ms="5390" status="PASS">
          <reporter-output>
          </reporter-output>
        </test-method> <!-- setup -->
        <test-method signature="testLogin()[pri:1, instance:Tests.SauceDemoTest@12d2ce03]" started-at="2026-06-03T16:38:45 IST" name="testLogin" finished-at="2026-06-03T16:38:46 IST" duration-ms="270" status="PASS">
          <reporter-output>
          </reporter-output>
        </test-method> <!-- testLogin -->
        <test-method is-config="true" signature="afterEachTest(java.lang.reflect.Method)[pri:0, instance:Tests.SauceDemoTest@12d2ce03]" started-at="2026-06-03T16:38:46 IST" name="afterEachTest" finished-at="2026-06-03T16:38:46 IST" duration-ms="1" status="PASS">
          <params>
            <param index="0">
              <value>
                <![CDATA[public void Tests.SauceDemoTest.testLogin() throws java.lang.InterruptedException]]>
              </value>
            </param>
          </params>
          <reporter-output>
          </reporter-output>
        </test-method> <!-- afterEachTest -->
        <test-method signature="checkhomepagecontent()[pri:2, instance:Tests.SauceDemoTest@12d2ce03]" started-at="2026-06-03T16:38:46 IST" name="checkhomepagecontent" finished-at="2026-06-03T16:38:47 IST" duration-ms="1190" status="PASS">
          <reporter-output>
          </reporter-output>
        </test-method> <!-- checkhomepagecontent -->
        <test-method signature="testAddToCart()[pri:3, instance:Tests.SauceDemoTest@12d2ce03]" started-at="2026-06-03T16:38:47 IST" name="testAddToCart" finished-at="2026-06-03T16:38:47 IST" duration-ms="205" status="PASS">
          <reporter-output>
          </reporter-output>
        </test-method> <!-- testAddToCart -->
        <test-method is-config="true" signature="afterEachTest(java.lang.reflect.Method)[pri:0, instance:Tests.SauceDemoTest@12d2ce03]" started-at="2026-06-03T16:38:47 IST" name="afterEachTest" finished-at="2026-06-03T16:38:47 IST" duration-ms="0" status="PASS">
          <params>
            <param index="0">
              <value>
                <![CDATA[public void Tests.SauceDemoTest.checkhomepagecontent()]]>
              </value>
            </param>
          </params>
          <reporter-output>
          </reporter-output>
        </test-method> <!-- afterEachTest -->
        <test-method is-config="true" signature="afterEachTest(java.lang.reflect.Method)[pri:0, instance:Tests.SauceDemoTest@12d2ce03]" started-at="2026-06-03T16:38:47 IST" name="afterEachTest" finished-at="2026-06-03T16:38:47 IST" duration-ms="0" status="PASS">
          <params>
            <param index="0">
              <value>
                <![CDATA[public void Tests.SauceDemoTest.testAddToCart()]]>
              </value>
            </param>
          </params>
          <reporter-output>
          </reporter-output>
        </test-method> <!-- afterEachTest -->
        <test-method signature="testCheckout()[pri:4, instance:Tests.SauceDemoTest@12d2ce03]" started-at="2026-06-03T16:38:47 IST" name="testCheckout" finished-at="2026-06-03T16:38:47 IST" duration-ms="425" status="PASS">
          <reporter-output>
          </reporter-output>
        </test-method> <!-- testCheckout -->
        <test-method signature="testaddingandremovingtheproducts()[pri:5, instance:Tests.SauceDemoTest@12d2ce03]" started-at="2026-06-03T16:38:47 IST" name="testaddingandremovingtheproducts" finished-at="2026-06-03T16:38:48 IST" duration-ms="479" status="PASS">
          <reporter-output>
          </reporter-output>
        </test-method> <!-- testaddingandremovingtheproducts -->
        <test-method is-config="true" signature="afterEachTest(java.lang.reflect.Method)[pri:0, instance:Tests.SauceDemoTest@12d2ce03]" started-at="2026-06-03T16:38:47 IST" name="afterEachTest" finished-at="2026-06-03T16:38:47 IST" duration-ms="0" status="PASS">
          <params>
            <param index="0">
              <value>
                <![CDATA[public void Tests.SauceDemoTest.testCheckout()]]>
              </value>
            </param>
          </params>
          <reporter-output>
          </reporter-output>
        </test-method> <!-- afterEachTest -->
        <test-method is-config="true" signature="afterEachTest(java.lang.reflect.Method)[pri:0, instance:Tests.SauceDemoTest@12d2ce03]" started-at="2026-06-03T16:38:48 IST" name="afterEachTest" finished-at="2026-06-03T16:38:48 IST" duration-ms="1" status="PASS">
          <params>
            <param index="0">
              <value>
                <![CDATA[public void Tests.SauceDemoTest.testaddingandremovingtheproducts()]]>
              </value>
            </param>
          </params>
          <reporter-output>
          </reporter-output>
        </test-method> <!-- afterEachTest -->
        <test-method is-config="true" signature="teardown()[pri:0, instance:Tests.SauceDemoTest@12d2ce03]" started-at="2026-06-03T16:38:48 IST" name="teardown" finished-at="2026-06-03T16:38:48 IST" duration-ms="165" status="PASS">
          <reporter-output>
          </reporter-output>
        </test-method> <!-- teardown -->
      </class> <!-- Tests.SauceDemoTest -->
    </test> <!-- Surefire test -->
  </suite> <!-- Surefire suite -->
</testng-results>
