<?xml version="1.0" encoding="UTF-8"?>
<testsuite xmlns:xsi="http://www.w3.org/2001/XMLSchema-instance" xsi:noNamespaceSchemaLocation="https://maven.apache.org/surefire/maven-surefire-plugin/xsd/surefire-test-report-3.0.xsd" version="3.0" name="Tests.SauceDemoTest" time="8.388" tests="5" errors="0" skipped="0" failures="0">
  <properties>
[...]
</properties>
  <testcase name="testLogin" classname="Tests.SauceDemoTest" time="0.271">
    <system-out><![CDATA[Login successful
Screenshot saved: scrennshots/testLogin_2026-06-03_16-38-45.png
]]></system-out>
    <system-err><![CDATA[SLF4J: Failed to load class "org.slf4j.impl.StaticLoggerBinder".
SLF4J: Defaulting to no-operation (NOP) logger implementation
SLF4J: See http://www.slf4j.org/codes.html#StaticLoggerBinder for further details.
Jun 03, 2026 4:38:41 PM org.openqa.selenium.devtools.CdpVersionFinder findNearestMatch
WARNING: Unable to find CDP implementation matching 148
Jun 03, 2026 4:38:41 PM org.openqa.selenium.chromium.ChromiumDriver lambda$new$4
WARNING: Unable to find version of CDP to use for 148.0.7778.216. You may need to include a dependency on a specific version of the CDP using something similar to `org.seleniumhq.selenium:selenium-devtools-v86:4.27.0` where the version ("v86") matches the version of the chromium-based browser you're using and the version number of the artifact is the same as Selenium's.
]]></system-err>
  </testcase>
  <testcase name="checkhomepagecontent" classname="Tests.SauceDemoTest" time="1.187">
    <system-out><![CDATA[Test completed: testLogin
Menu Item: 
 - Enabled: true
 - Clickable: true
---------------------------------
Selected sorting option: Name (A to Z)
Total inventory items: 6
The inventory list is sorted in A to Z order.
Selected sorting option: Name (Z to A)
Total inventory items: 6
The inventory list is sorted in Z to A order.
Selected sorting price: Price (low to high)
Total inventory items: 6
Low to High price 7.99
Low to High price 9.99
Low to High price 15.99
Low to High price 15.99
Low to High price 29.99
Low to High price 49.99
The inventory list is correctly sorted from Low to High.
Selected sorting price: Price (high to low)
Total inventory items: 6
High to low price 49.99
High to low price 29.99
High to low price 15.99
High to low price 15.99
High to low price 9.99
High to low price 7.99
The inventory list is correctly sorted from High to Low.
Social Media Icon:Twitter
Facebook
LinkedIn
 - Displayed: true
 - Enabled: true
 - Clickable: true
---------------------------------
Screenshot saved: scrennshots/checkhomepagecontent_2026-06-03_16-38-47.png
]]></system-out>
  </testcase>
  <testcase name="testAddToCart" classname="Tests.SauceDemoTest" time="0.203">
    <system-out><![CDATA[Test completed: checkhomepagecontent
Sauce Labs Backpack
carry.allTheThings() with the sleek, streamlined Sly Pack that melds uncompromising style with unequaled laptop and tablet protection.
Item added to cart successfully
Screenshot saved: scrennshots/testAddToCart_2026-06-03_16-38-47.png
]]></system-out>
  </testcase>
  <testcase name="testCheckout" classname="Tests.SauceDemoTest" time="0.423">
    <system-out><![CDATA[Test completed: testAddToCart
Checkout Started
Every CheckoutField has validation 
Total items found: 1
Raw price text: '$29.99'
Calculated Total Price: $ 29.99
Expected Total: $32.39
Displayed Total: $32.39
Order placed successfully
Screenshot saved: scrennshots/testCheckout_2026-06-03_16-38-47.png
]]></system-out>
  </testcase>
  <testcase name="testaddingandremovingtheproducts" classname="Tests.SauceDemoTest" time="0.476">
    <system-out><![CDATA[Test completed: testCheckout
Total items found: 6
Added to Cart: Sauce Labs Backpack
 - $29.99
Added to Cart: Sauce Labs Bike Ligh - $9.99
Added to Cart: Sauce Labs Bolt T-Sh - $15.99
Added to Cart: Sauce Labs Fleece Ja - $49.99
Added to Cart: Sauce Labs Onesie
Ri - $7.99
Added to Cart: Test.allTheThings()  - $15.99
Total price of the products is 129.94
Total items found in the cart: 6
Screenshot saved: scrennshots/testaddingandremovingtheproducts_2026-06-03_16-38-48.png
]]></system-out>
  </testcase>
</testsuite>