<?xml version="1.0" encoding="UTF-8"?>
<!-- Generated by org.testng.reporters.JUnitReportReporter -->
<testsuite hostname="FC-virajabhang" failures="0" tests="5" name="Tests.SauceDemoTest" time="2.571" errors="0" timestamp="2026-06-03T16:38:48 IST" skipped="0">
  <testcase classname="Tests.SauceDemoTest" name="testLogin" time="0.270"/>
  <testcase classname="Tests.SauceDemoTest" name="checkhomepagecontent" time="1.190"/>
  <testcase classname="Tests.SauceDemoTest" name="testAddToCart" time="0.206"/>
  <testcase classname="Tests.SauceDemoTest" name="testCheckout" time="0.425"/>
  <testcase classname="Tests.SauceDemoTest" name="testaddingandremovingtheproducts" time="0.480"/>
</testsuite> <!-- Tests.SauceDemoTest -->
